1650979057634	geckodriver	INFO	Listening on 127.0.0.1:51844
1650979060693	mozrunner::runner	INFO	Running command: "C:\\Program Files (x86)\\Mozilla Firefox\\firefox.exe" "--marionette" "--remote-debugging-port" "51845" "--remote-allow-hosts" "localhost" "-no-remote" "-profile" "C:\\Users\\skato\\AppData\\Local\\Temp\\rust_mozprofilet7apxa"
1650979060990	Marionette	INFO	Marionette enabled
console.warn: SearchSettings: "get: No settings file exists, new profile?" (new NotFoundError("Could not open the file at C:\\Users\\skato\\AppData\\Local\\Temp\\rust_mozprofilet7apxa\\search.json.mozlz4", (void 0)))
DevTools listening on ws://localhost:51845/devtools/browser/8e3c472b-a66f-4526-b6f2-e49b33ea210d
1650979062954	Marionette	INFO	Listening on port 51871
Read port: 51871
1650979063059	RemoteAgent	WARN	TLS certificate errors will be ignored for this session
JavaScript error: http://selenium1py.pythonanywhere.com/ru/, line 374: ReferenceError: oscar is not defined
1650979068185	Marionette	INFO	Stopped listening on port 51871

###!!! [Child][PContentChild] Error: RunMessage(msgname=PContent::Reply_DiscardBrowsingContext) Channel closing: too late to send/recv, messages will be lost


###!!! [Parent][PContentParent] Error: Send(msgname=PContent::Msg_DestroyBrowsingContextGroup) Closed channel: cannot send/recv

JavaScript error: resource://gre/modules/Sqlite.jsm, line 1105: Error: Sqlite.jsm has been shutdown. Cannot open connection to: C:\Users\skato\AppData\Local\Temp\rust_mozprofilet7apxa\protections.sqlite

###!!! [Parent][PGPUParent] Error: RunMessage(msgname=PGPU::Msg_ShutdownVR) Channel closing: too late to send/recv, messages will be lost

1650979217643	geckodriver	INFO	Listening on 127.0.0.1:53248
1650979220715	mozrunner::runner	INFO	Running command: "C:\\Program Files (x86)\\Mozilla Firefox\\firefox.exe" "--marionette" "--remote-debugging-port" "53249" "--remote-allow-hosts" "localhost" "-no-remote" "-profile" "C:\\Users\\skato\\AppData\\Local\\Temp\\rust_mozprofilehkZX16"
1650979220982	Marionette	INFO	Marionette enabled
console.warn: SearchSettings: "get: No settings file exists, new profile?" (new NotFoundError("Could not open the file at C:\\Users\\skato\\AppData\\Local\\Temp\\rust_mozprofilehkZX16\\search.json.mozlz4", (void 0)))
DevTools listening on ws://localhost:53249/devtools/browser/51afdccd-9747-4730-8fdc-77849ddc8b29
1650979222769	Marionette	INFO	Listening on port 53293
Read port: 53293
1650979222874	RemoteAgent	WARN	TLS certificate errors will be ignored for this session
JavaScript error: http://selenium1py.pythonanywhere.com/ru/, line 374: ReferenceError: oscar is not defined
1650979226275	Marionette	INFO	Stopped listening on port 53293

###!!! [Parent][PContentParent] Error: Send(msgname=PContent::Msg_DestroyBrowsingContextGroup) Closed channel: cannot send/recv

JavaScript error: resource://gre/modules/Sqlite.jsm, line 1105: Error: Sqlite.jsm has been shutdown. Cannot open connection to: C:\Users\skato\AppData\Local\Temp\rust_mozprofilehkZX16\protections.sqlite
1650979226951	geckodriver	INFO	Listening on 127.0.0.1:53326
1650979230009	mozrunner::runner	INFO	Running command: "C:\\Program Files (x86)\\Mozilla Firefox\\firefox.exe" "--marionette" "--remote-debugging-port" "53327" "--remote-allow-hosts" "localhost" "-no-remote" "-profile" "C:\\Users\\skato\\AppData\\Local\\Temp\\rust_mozprofileIxrcMW"
1650979230277	Marionette	INFO	Marionette enabled
console.warn: SearchSettings: "get: No settings file exists, new profile?" (new NotFoundError("Could not open the file at C:\\Users\\skato\\AppData\\Local\\Temp\\rust_mozprofileIxrcMW\\search.json.mozlz4", (void 0)))
DevTools listening on ws://localhost:53327/devtools/browser/acc0dc9f-4015-49b0-b169-e941122ce81c
1650979232019	Marionette	INFO	Listening on port 62506
Read port: 62506
1650979232097	RemoteAgent	WARN	TLS certificate errors will be ignored for this session
JavaScript error: http://selenium1py.pythonanywhere.com/ru/, line 374: ReferenceError: oscar is not defined
1650979234173	Marionette	INFO	Stopped listening on port 62506

###!!! [Child][PContentChild] Error: Send(msgname=PHttpChannel::Msg_DeletingChannel) Channel closing: too late to send/recv, messages will be lost


###!!! [Child][PContentChild] Error: RunMessage(msgname=PContent::Reply_DiscardBrowsingContext) Channel closing: too late to send/recv, messages will be lost


###!!! [Parent][PContentParent] Error: Send(msgname=PContent::Msg_DestroyBrowsingContextGroup) Closed channel: cannot send/recv

JavaScript error: resource://gre/modules/Sqlite.jsm, line 1105: Error: Sqlite.jsm has been shutdown. Cannot open connection to: C:\Users\skato\AppData\Local\Temp\rust_mozprofileIxrcMW\protections.sqlite
1650979234820	geckodriver	INFO	Listening on 127.0.0.1:62528
1650979237893	mozrunner::runner	INFO	Running command: "C:\\Program Files (x86)\\Mozilla Firefox\\firefox.exe" "--marionette" "--remote-debugging-port" "62529" "--remote-allow-hosts" "localhost" "-no-remote" "-profile" "C:\\Users\\skato\\AppData\\Local\\Temp\\rust_mozprofileMIhElP"
1650979238165	Marionette	INFO	Marionette enabled
console.warn: SearchSettings: "get: No settings file exists, new profile?" (new NotFoundError("Could not open the file at C:\\Users\\skato\\AppData\\Local\\Temp\\rust_mozprofileMIhElP\\search.json.mozlz4", (void 0)))
DevTools listening on ws://localhost:62529/devtools/browser/13087dfc-bb18-45b9-b9d8-c2332a852fe0
1650979240001	Marionette	INFO	Listening on port 62565
Read port: 62565
1650979240091	RemoteAgent	WARN	TLS certificate errors will be ignored for this session
JavaScript error: http://selenium1py.pythonanywhere.com/ru/, line 374: ReferenceError: oscar is not defined
1650979242919	Marionette	INFO	Stopped listening on port 62565

###!!! [Parent][PContentParent] Error: Send(msgname=PContent::Msg_DestroyBrowsingContextGroup) Closed channel: cannot send/recv

JavaScript error: resource://gre/modules/Sqlite.jsm, line 1105: Error: Sqlite.jsm has been shutdown. Cannot open connection to: C:\Users\skato\AppData\Local\Temp\rust_mozprofileMIhElP\protections.sqlite
1650989800401	geckodriver	INFO	Listening on 127.0.0.1:59353
1650989884524	geckodriver	INFO	Listening on 127.0.0.1:59567
1650989887606	mozrunner::runner	INFO	Running command: "C:\\Program Files (x86)\\Mozilla Firefox\\firefox.exe" "--marionette" "--remote-debugging-port" "59568" "--remote-allow-hosts" "localhost" "-no-remote" "-profile" "C:\\Users\\skato\\AppData\\Local\\Temp\\rust_mozprofileUs5oLs"
1650989887890	Marionette	INFO	Marionette enabled
console.warn: SearchSettings: "get: No settings file exists, new profile?" (new NotFoundError("Could not open the file at C:\\Users\\skato\\AppData\\Local\\Temp\\rust_mozprofileUs5oLs\\search.json.mozlz4", (void 0)))
DevTools listening on ws://localhost:59568/devtools/browser/410bb287-74d6-45c3-bda0-e67dac190978
1650989889945	Marionette	INFO	Listening on port 59595
Read port: 59595
1650989890026	RemoteAgent	WARN	TLS certificate errors will be ignored for this session
JavaScript error: http://selenium1py.pythonanywhere.com/ru/, line 374: ReferenceError: oscar is not defined
1650989891767	Marionette	INFO	Stopped listening on port 59595

###!!! [Parent][PContentParent] Error: Send(msgname=PContent::Msg_DestroyBrowsingContextGroup) Closed channel: cannot send/recv

JavaScript error: resource://gre/modules/Sqlite.jsm, line 1105: Error: Sqlite.jsm has been shutdown. Cannot open connection to: C:\Users\skato\AppData\Local\Temp\rust_mozprofileUs5oLs\protections.sqlite
